[debug] [2021-08-10T06:57:33.068Z] ----------------------------------------------------------------------
[debug] [2021-08-10T06:57:33.071Z] Command:       /Users/gianlucavedovato/.nvm/versions/node/v12.18.1/bin/node /Users/gianlucavedovato/.nvm/versions/node/v12.18.1/bin/firebase deploy
[debug] [2021-08-10T06:57:33.072Z] CLI Version:   9.16.0
[debug] [2021-08-10T06:57:33.072Z] Platform:      darwin
[debug] [2021-08-10T06:57:33.072Z] Node Version:  v12.18.1
[debug] [2021-08-10T06:57:33.074Z] Time:          Tue Aug 10 2021 08:57:33 GMT+0200 (GMT+02:00)
[debug] [2021-08-10T06:57:33.074Z] ----------------------------------------------------------------------
[debug] 
[debug] [2021-08-10T06:57:33.077Z] >>> [apiv2][query] GET https://firebase-public.firebaseio.com/cli.json [none]
[debug] [2021-08-10T06:57:33.160Z] Field ".emulators.firestore.port" in "firebase.json" is possibly invalid: should be number
[debug] [2021-08-10T06:57:33.165Z] > command requires scopes: ["email","openid","https://www.googleapis.com/auth/cloudplatformprojects.readonly","https://www.googleapis.com/auth/firebase","https://www.googleapis.com/auth/cloud-platform"]
[debug] [2021-08-10T06:57:33.166Z] > authorizing via signed-in user (vedovatogianluca@gmail.com)
[debug] [2021-08-10T06:57:33.166Z] [iam] checking project fantacalcio-3836a for permissions ["cloudfunctions.functions.create","cloudfunctions.functions.delete","cloudfunctions.functions.get","cloudfunctions.functions.list","cloudfunctions.functions.update","cloudfunctions.operations.get","datastore.indexes.create","datastore.indexes.delete","datastore.indexes.list","datastore.indexes.update","firebase.projects.get","firebasehosting.sites.update"]
[debug] [2021-08-10T06:57:33.168Z] > refreshing access token with scopes: ["email","https://www.googleapis.com/auth/cloud-platform","https://www.googleapis.com/auth/cloudplatformprojects.readonly","https://www.googleapis.com/auth/firebase","openid"]
[debug] [2021-08-10T06:57:33.168Z] >>> HTTP REQUEST POST https://www.googleapis.com/oauth2/v3/token  
 <request body omitted>
[debug] [2021-08-10T06:57:33.291Z] <<< HTTP RESPONSE 200 {"date":"Tue, 10 Aug 2021 06:57:33 GMT","expires":"Mon, 01 Jan 1990 00:00:00 GMT","pragma":"no-cache","cache-control":"no-cache, no-store, max-age=0, must-revalidate","content-type":"application/json; charset=utf-8","vary":"X-Origin, Referer, Origin,Accept-Encoding","server":"scaffolding on HTTPServer2","x-xss-protection":"0","x-frame-options":"SAMEORIGIN","x-content-type-options":"nosniff","alt-svc":"h3=\":443\"; ma=2592000,h3-29=\":443\"; ma=2592000,h3-T051=\":443\"; ma=2592000,h3-Q050=\":443\"; ma=2592000,h3-Q046=\":443\"; ma=2592000,h3-Q043=\":443\"; ma=2592000,quic=\":443\"; ma=2592000; v=\"46,43\"","accept-ranges":"none","transfer-encoding":"chunked"}
[debug] [2021-08-10T06:57:33.307Z] >>> HTTP REQUEST POST https://cloudresourcemanager.googleapis.com/v1/projects/fantacalcio-3836a:testIamPermissions  
 {"permissions":["cloudfunctions.functions.create","cloudfunctions.functions.delete","cloudfunctions.functions.get","cloudfunctions.functions.list","cloudfunctions.functions.update","cloudfunctions.operations.get","datastore.indexes.create","datastore.indexes.delete","datastore.indexes.list","datastore.indexes.update","firebase.projects.get","firebasehosting.sites.update"]}
[debug] [2021-08-10T06:57:33.577Z] <<< [apiv2][status] GET https://firebase-public.firebaseio.com/cli.json 200
[debug] [2021-08-10T06:57:33.577Z] <<< [apiv2][body] GET https://firebase-public.firebaseio.com/cli.json {"cloudBuildErrorAfter":1594252800000,"cloudBuildWarnAfter":1590019200000,"defaultNode10After":1594252800000,"minVersion":"3.0.5","node8DeploysDisabledAfter":1613390400000,"node8RuntimeDisabledAfter":1615809600000,"node8WarnAfter":1600128000000}
[debug] [2021-08-10T06:57:34.059Z] <<< HTTP RESPONSE 200 {"content-type":"application/json; charset=UTF-8","vary":"X-Origin, Referer, Origin,Accept-Encoding","date":"Tue, 10 Aug 2021 06:57:34 GMT","server":"ESF","cache-control":"private","x-xss-protection":"0","x-frame-options":"SAMEORIGIN","x-content-type-options":"nosniff","server-timing":"gfet4t7; dur=654","alt-svc":"h3=\":443\"; ma=2592000,h3-29=\":443\"; ma=2592000,h3-T051=\":443\"; ma=2592000,h3-Q050=\":443\"; ma=2592000,h3-Q046=\":443\"; ma=2592000,h3-Q043=\":443\"; ma=2592000,quic=\":443\"; ma=2592000; v=\"46,43\"","accept-ranges":"none","transfer-encoding":"chunked"}
[debug] [2021-08-10T06:57:34.060Z] >>> HTTP REQUEST POST https://iam.googleapis.com/v1/projects/fantacalcio-3836a/serviceAccounts/fantacalcio-3836a@appspot.gserviceaccount.com:testIamPermissions  
 {"permissions":["iam.serviceAccounts.actAs"]}
[debug] [2021-08-10T06:57:34.763Z] <<< HTTP RESPONSE 200 {"content-type":"application/json; charset=UTF-8","vary":"X-Origin, Referer, Origin,Accept-Encoding","date":"Tue, 10 Aug 2021 06:57:34 GMT","server":"ESF","cache-control":"private","x-xss-protection":"0","x-frame-options":"SAMEORIGIN","x-content-type-options":"nosniff","alt-svc":"h3=\":443\"; ma=2592000,h3-29=\":443\"; ma=2592000,h3-T051=\":443\"; ma=2592000,h3-Q050=\":443\"; ma=2592000,h3-Q046=\":443\"; ma=2592000,h3-Q043=\":443\"; ma=2592000,quic=\":443\"; ma=2592000; v=\"46,43\"","accept-ranges":"none","transfer-encoding":"chunked"}
[debug] [2021-08-10T06:57:34.764Z] > refreshing access token with scopes: []
[debug] [2021-08-10T06:57:34.764Z] >>> HTTP REQUEST POST https://www.googleapis.com/oauth2/v3/token  
 <request body omitted>
[debug] [2021-08-10T06:57:34.859Z] <<< HTTP RESPONSE 200 {"date":"Tue, 10 Aug 2021 06:57:34 GMT","expires":"Mon, 01 Jan 1990 00:00:00 GMT","cache-control":"no-cache, no-store, max-age=0, must-revalidate","pragma":"no-cache","content-type":"application/json; charset=utf-8","vary":"X-Origin, Referer, Origin,Accept-Encoding","server":"scaffolding on HTTPServer2","x-xss-protection":"0","x-frame-options":"SAMEORIGIN","x-content-type-options":"nosniff","alt-svc":"h3=\":443\"; ma=2592000,h3-29=\":443\"; ma=2592000,h3-T051=\":443\"; ma=2592000,h3-Q050=\":443\"; ma=2592000,h3-Q046=\":443\"; ma=2592000,h3-Q043=\":443\"; ma=2592000,quic=\":443\"; ma=2592000; v=\"46,43\"","accept-ranges":"none","transfer-encoding":"chunked"}
[debug] [2021-08-10T06:57:34.876Z] >>> [apiv2][query] GET https://firebase.googleapis.com/v1beta1/projects/fantacalcio-3836a [none]
[debug] [2021-08-10T06:57:35.111Z] <<< [apiv2][status] GET https://firebase.googleapis.com/v1beta1/projects/fantacalcio-3836a 200
[debug] [2021-08-10T06:57:35.111Z] <<< [apiv2][body] GET https://firebase.googleapis.com/v1beta1/projects/fantacalcio-3836a {"projectId":"fantacalcio-3836a","projectNumber":"149906309176","displayName":"fantacalcio","name":"projects/fantacalcio-3836a","resources":{"hostingSite":"fantacalcio-3836a","storageBucket":"fantacalcio-3836a.appspot.com","locationId":"europe-west"},"state":"ACTIVE"}
[info] 
[info] === Deploying to 'fantacalcio-3836a'...
[info] 
[info] i  deploying firestore, functions, hosting 
[info] Running command: npm --prefix "$RESOURCE_DIR" run lint
[info] Running command: npm --prefix "$RESOURCE_DIR" run build
[info] ✔  functions: Finished running predeploy script. 
[info] i  firestore: reading indexes from firestore.indexes.json... 
[info] i  cloud.firestore: checking firestore.rules for compilation errors... 
[debug] [2021-08-10T06:57:45.080Z] > refreshing access token with scopes: ["email","https://www.googleapis.com/auth/cloud-platform","https://www.googleapis.com/auth/cloudplatformprojects.readonly","https://www.googleapis.com/auth/firebase","openid"]
[debug] [2021-08-10T06:57:45.080Z] >>> HTTP REQUEST POST https://www.googleapis.com/oauth2/v3/token  
 <request body omitted>
[debug] [2021-08-10T06:57:45.199Z] <<< HTTP RESPONSE 200 {"date":"Tue, 10 Aug 2021 06:57:45 GMT","expires":"Mon, 01 Jan 1990 00:00:00 GMT","cache-control":"no-cache, no-store, max-age=0, must-revalidate","pragma":"no-cache","content-type":"application/json; charset=utf-8","vary":"X-Origin, Referer, Origin,Accept-Encoding","server":"scaffolding on HTTPServer2","x-xss-protection":"0","x-frame-options":"SAMEORIGIN","x-content-type-options":"nosniff","alt-svc":"h3=\":443\"; ma=2592000,h3-29=\":443\"; ma=2592000,h3-T051=\":443\"; ma=2592000,h3-Q050=\":443\"; ma=2592000,h3-Q046=\":443\"; ma=2592000,h3-Q043=\":443\"; ma=2592000,quic=\":443\"; ma=2592000; v=\"46,43\"","accept-ranges":"none","transfer-encoding":"chunked"}
[debug] [2021-08-10T06:57:45.222Z] >>> HTTP REQUEST POST https://firebaserules.googleapis.com/v1/projects/fantacalcio-3836a:test  
 {"source":{"files":[{"name":"firestore.rules","content":"rules_version = '2';\nservice cloud.firestore {\n  match /databases/{database}/documents {\n    match /{document=**} {\n      allow read, write: if\n          request.time < timestamp.date(2021, 9, 2);\n    }\n  }\n}"}]}}
[debug] [2021-08-10T06:57:46.001Z] <<< HTTP RESPONSE 200 {"content-type":"application/json; charset=UTF-8","vary":"X-Origin, Referer, Origin,Accept-Encoding","date":"Tue, 10 Aug 2021 06:57:45 GMT","server":"ESF","cache-control":"private","x-xss-protection":"0","x-frame-options":"SAMEORIGIN","x-content-type-options":"nosniff","alt-svc":"h3=\":443\"; ma=2592000,h3-29=\":443\"; ma=2592000,h3-T051=\":443\"; ma=2592000,h3-Q050=\":443\"; ma=2592000,h3-Q046=\":443\"; ma=2592000,h3-Q043=\":443\"; ma=2592000,quic=\":443\"; ma=2592000; v=\"46,43\"","accept-ranges":"none","transfer-encoding":"chunked"}
[info] ✔  cloud.firestore: rules file firestore.rules compiled successfully 
[debug] [2021-08-10T06:57:46.005Z] Validating nodejs source
[debug] [2021-08-10T06:57:48.664Z] > [functions] package.json contents: {
  "name": "functions",
  "scripts": {
    "lint": "eslint --ext .js,.ts .",
    "build": "tsc",
    "serve": "npm run build && firebase emulators:start --only functions",
    "shell": "npm run build && firebase functions:shell",
    "start": "npm run shell",
    "deploy": "firebase deploy --only functions",
    "logs": "firebase functions:log",
    "lint:fix": "eslint './src/**/*.ts' --fix"
  },
  "engines": {
    "node": "14"
  },
  "main": "lib/index.js",
  "dependencies": {
    "firebase-admin": "^9.8.0",
    "firebase-functions": "^3.14.1"
  },
  "devDependencies": {
    "@typescript-eslint/eslint-plugin": "^3.10.1",
    "@typescript-eslint/parser": "^3.8.0",
    "eslint": "^7.6.0",
    "eslint-config-google": "^0.14.0",
    "eslint-config-standard": "^16.0.3",
    "eslint-plugin-import": "^2.24.0",
    "eslint-plugin-node": "^11.1.0",
    "eslint-plugin-promise": "^5.1.0",
    "eslint-plugin-standard": "^5.0.0",
    "firebase-functions-test": "^0.2.0",
    "typescript": "^3.8.0"
  },
  "private": true
}
[debug] [2021-08-10T06:57:48.665Z] Building nodejs source
[info] i  functions: ensuring required API cloudfunctions.googleapis.com is enabled... 
[info] i  functions: ensuring required API cloudbuild.googleapis.com is enabled... 
[debug] [2021-08-10T06:57:48.667Z] >>> HTTP REQUEST GET https://serviceusage.googleapis.com/v1/projects/fantacalcio-3836a/services/cloudfunctions.googleapis.com  
 
[debug] [2021-08-10T06:57:48.668Z] >>> HTTP REQUEST GET https://serviceusage.googleapis.com/v1/projects/fantacalcio-3836a/services/runtimeconfig.googleapis.com  
 
[debug] [2021-08-10T06:57:48.668Z] >>> HTTP REQUEST GET https://serviceusage.googleapis.com/v1/projects/fantacalcio-3836a/services/cloudbuild.googleapis.com  
 
[debug] [2021-08-10T06:57:50.447Z] <<< HTTP RESPONSE 200 {"content-type":"application/json; charset=UTF-8","vary":"X-Origin, Referer, Origin,Accept-Encoding","date":"Tue, 10 Aug 2021 06:57:50 GMT","server":"ESF","cache-control":"private","x-xss-protection":"0","x-frame-options":"SAMEORIGIN","x-content-type-options":"nosniff","alt-svc":"h3=\":443\"; ma=2592000,h3-29=\":443\"; ma=2592000,h3-T051=\":443\"; ma=2592000,h3-Q050=\":443\"; ma=2592000,h3-Q046=\":443\"; ma=2592000,h3-Q043=\":443\"; ma=2592000,quic=\":443\"; ma=2592000; v=\"46,43\"","accept-ranges":"none","transfer-encoding":"chunked"}
[info] ✔  functions: required API cloudbuild.googleapis.com is enabled 
[debug] [2021-08-10T06:57:50.454Z] <<< HTTP RESPONSE 200 {"content-type":"application/json; charset=UTF-8","vary":"X-Origin, Referer, Origin,Accept-Encoding","date":"Tue, 10 Aug 2021 06:57:50 GMT","server":"ESF","cache-control":"private","x-xss-protection":"0","x-frame-options":"SAMEORIGIN","x-content-type-options":"nosniff","alt-svc":"h3=\":443\"; ma=2592000,h3-29=\":443\"; ma=2592000,h3-T051=\":443\"; ma=2592000,h3-Q050=\":443\"; ma=2592000,h3-Q046=\":443\"; ma=2592000,h3-Q043=\":443\"; ma=2592000,quic=\":443\"; ma=2592000; v=\"46,43\"","accept-ranges":"none","transfer-encoding":"chunked"}
[info] ✔  functions: required API cloudfunctions.googleapis.com is enabled 
[debug] [2021-08-10T06:57:50.541Z] <<< HTTP RESPONSE 200 {"content-type":"application/json; charset=UTF-8","vary":"X-Origin, Referer, Origin,Accept-Encoding","date":"Tue, 10 Aug 2021 06:57:50 GMT","server":"ESF","cache-control":"private","x-xss-protection":"0","x-frame-options":"SAMEORIGIN","x-content-type-options":"nosniff","alt-svc":"h3=\":443\"; ma=2592000,h3-29=\":443\"; ma=2592000,h3-T051=\":443\"; ma=2592000,h3-Q050=\":443\"; ma=2592000,h3-Q046=\":443\"; ma=2592000,h3-Q043=\":443\"; ma=2592000,quic=\":443\"; ma=2592000; v=\"46,43\"","accept-ranges":"none","transfer-encoding":"chunked"}
[debug] [2021-08-10T06:57:50.542Z] >>> HTTP REQUEST GET https://firebase.googleapis.com/v1beta1/projects/fantacalcio-3836a/adminSdkConfig  
 
[debug] [2021-08-10T06:57:50.878Z] <<< HTTP RESPONSE 200 {"content-type":"application/json; charset=UTF-8","vary":"X-Origin, Referer, Origin,Accept-Encoding","date":"Tue, 10 Aug 2021 06:57:50 GMT","server":"ESF","cache-control":"private","x-xss-protection":"0","x-frame-options":"SAMEORIGIN","x-content-type-options":"nosniff","alt-svc":"h3=\":443\"; ma=2592000,h3-29=\":443\"; ma=2592000,h3-T051=\":443\"; ma=2592000,h3-Q050=\":443\"; ma=2592000,h3-Q046=\":443\"; ma=2592000,h3-Q043=\":443\"; ma=2592000,quic=\":443\"; ma=2592000; v=\"46,43\"","accept-ranges":"none","transfer-encoding":"chunked"}
[debug] [2021-08-10T06:57:50.879Z] >>> HTTP REQUEST GET https://runtimeconfig.googleapis.com/v1beta1/projects/fantacalcio-3836a/configs  
 
[debug] [2021-08-10T06:57:51.335Z] <<< HTTP RESPONSE 200 {"content-type":"application/json; charset=UTF-8","vary":"X-Origin, Referer, Origin,Accept-Encoding","date":"Tue, 10 Aug 2021 06:57:51 GMT","server":"ESF","cache-control":"private","x-xss-protection":"0","x-frame-options":"SAMEORIGIN","x-content-type-options":"nosniff","alt-svc":"h3=\":443\"; ma=2592000,h3-29=\":443\"; ma=2592000,h3-T051=\":443\"; ma=2592000,h3-Q050=\":443\"; ma=2592000,h3-Q046=\":443\"; ma=2592000,h3-Q043=\":443\"; ma=2592000,quic=\":443\"; ma=2592000; v=\"46,43\"","accept-ranges":"none","transfer-encoding":"chunked"}
[debug] [2021-08-10T06:57:51.335Z] Analyzing nodejs backend spec
[info] i  functions: preparing functions directory for uploading... 
[info] i  functions: packaged functions (54.03 KB) for uploading 
[debug] [2021-08-10T06:57:51.609Z] >>> HTTP REQUEST GET https://cloudfunctions.googleapis.com/v1/projects/fantacalcio-3836a/locations/-/functions  
 
[debug] [2021-08-10T06:57:53.524Z] <<< HTTP RESPONSE 200 {"content-type":"application/json; charset=UTF-8","vary":"X-Origin, Referer, Origin,Accept-Encoding","date":"Tue, 10 Aug 2021 06:57:53 GMT","server":"ESF","cache-control":"private","x-xss-protection":"0","x-frame-options":"SAMEORIGIN","x-content-type-options":"nosniff","alt-svc":"h3=\":443\"; ma=2592000,h3-29=\":443\"; ma=2592000,h3-T051=\":443\"; ma=2592000,h3-Q050=\":443\"; ma=2592000,h3-Q046=\":443\"; ma=2592000,h3-Q043=\":443\"; ma=2592000,quic=\":443\"; ma=2592000; v=\"46,43\"","accept-ranges":"none","transfer-encoding":"chunked"}
[debug] [2021-08-10T06:57:53.528Z] >>> HTTP REQUEST POST https://firebasehosting.googleapis.com/v1beta1/sites/fantacalcio-3836a/versions  
 {"config":{"rewrites":[{"glob":"**","path":"/index.html"}]},"labels":{"deployment-tool":"cli-firebase"}}
[debug] [2021-08-10T06:57:54.879Z] <<< HTTP RESPONSE 200 {"content-type":"application/json; charset=UTF-8","vary":"X-Origin, Referer, Origin,Accept-Encoding","date":"Tue, 10 Aug 2021 06:57:54 GMT","server":"ESF","cache-control":"private","x-xss-protection":"0","x-frame-options":"SAMEORIGIN","x-content-type-options":"nosniff","alt-svc":"h3=\":443\"; ma=2592000,h3-29=\":443\"; ma=2592000,h3-T051=\":443\"; ma=2592000,h3-Q050=\":443\"; ma=2592000,h3-Q046=\":443\"; ma=2592000,h3-Q043=\":443\"; ma=2592000,quic=\":443\"; ma=2592000; v=\"46,43\"","accept-ranges":"none","transfer-encoding":"chunked"}
[debug] [2021-08-10T06:57:54.881Z] >>> HTTP REQUEST GET https://firebaserules.googleapis.com/v1/projects/fantacalcio-3836a/releases?pageSize=10&pageToken=  
 
[debug] [2021-08-10T06:57:54.882Z] >>> HTTP REQUEST GET https://firestore.googleapis.com/v1/projects/fantacalcio-3836a/databases/(default)/collectionGroups/-/indexes  
 
[debug] [2021-08-10T06:57:55.076Z] <<< HTTP RESPONSE 200 {"content-type":"application/json; charset=UTF-8","vary":"X-Origin, Referer, Origin,Accept-Encoding","date":"Tue, 10 Aug 2021 06:57:55 GMT","server":"ESF","cache-control":"private","x-xss-protection":"0","x-frame-options":"SAMEORIGIN","x-content-type-options":"nosniff","alt-svc":"h3=\":443\"; ma=2592000,h3-29=\":443\"; ma=2592000,h3-T051=\":443\"; ma=2592000,h3-Q050=\":443\"; ma=2592000,h3-Q046=\":443\"; ma=2592000,h3-Q043=\":443\"; ma=2592000,quic=\":443\"; ma=2592000; v=\"46,43\"","accept-ranges":"none","transfer-encoding":"chunked"}
[debug] [2021-08-10T06:57:55.077Z] >>> HTTP REQUEST GET https://firestore.googleapis.com/v1/projects/fantacalcio-3836a/databases/(default)/collectionGroups/-/fields?filter=indexConfig.usesAncestorConfig=false  
 
[debug] [2021-08-10T06:57:55.261Z] <<< HTTP RESPONSE 200 {"content-type":"application/json; charset=UTF-8","vary":"X-Origin, Referer, Origin,Accept-Encoding","date":"Tue, 10 Aug 2021 06:57:55 GMT","server":"ESF","cache-control":"private","x-xss-protection":"0","x-frame-options":"SAMEORIGIN","x-content-type-options":"nosniff","alt-svc":"h3=\":443\"; ma=2592000,h3-29=\":443\"; ma=2592000,h3-T051=\":443\"; ma=2592000,h3-Q050=\":443\"; ma=2592000,h3-Q046=\":443\"; ma=2592000,h3-Q043=\":443\"; ma=2592000,quic=\":443\"; ma=2592000; v=\"46,43\"","accept-ranges":"none","transfer-encoding":"chunked"}
[info] ✔  firestore: deployed indexes in firestore.indexes.json successfully 
[debug] [2021-08-10T06:57:55.679Z] <<< HTTP RESPONSE 200 {"content-type":"application/json; charset=UTF-8","vary":"X-Origin, Referer, Origin,Accept-Encoding","date":"Tue, 10 Aug 2021 06:57:55 GMT","server":"ESF","cache-control":"private","x-xss-protection":"0","x-frame-options":"SAMEORIGIN","x-content-type-options":"nosniff","alt-svc":"h3=\":443\"; ma=2592000,h3-29=\":443\"; ma=2592000,h3-T051=\":443\"; ma=2592000,h3-Q050=\":443\"; ma=2592000,h3-Q046=\":443\"; ma=2592000,h3-Q043=\":443\"; ma=2592000,quic=\":443\"; ma=2592000; v=\"46,43\"","accept-ranges":"none","transfer-encoding":"chunked"}
[debug] [2021-08-10T06:57:55.681Z] >>> HTTP REQUEST GET https://firebaserules.googleapis.com/v1/projects/fantacalcio-3836a/rulesets/3d59c193-e331-4387-b973-cc3fd477c9e3  
 
[debug] [2021-08-10T06:57:56.498Z] <<< HTTP RESPONSE 200 {"content-type":"application/json; charset=UTF-8","vary":"X-Origin, Referer, Origin,Accept-Encoding","date":"Tue, 10 Aug 2021 06:57:56 GMT","server":"ESF","cache-control":"private","x-xss-protection":"0","x-frame-options":"SAMEORIGIN","x-content-type-options":"nosniff","alt-svc":"h3=\":443\"; ma=2592000,h3-29=\":443\"; ma=2592000,h3-T051=\":443\"; ma=2592000,h3-Q050=\":443\"; ma=2592000,h3-Q046=\":443\"; ma=2592000,h3-Q043=\":443\"; ma=2592000,quic=\":443\"; ma=2592000; v=\"46,43\"","accept-ranges":"none","transfer-encoding":"chunked"}
[info] i  firestore: latest version of firestore.rules already up to date, skipping upload... 
[debug] [2021-08-10T06:57:56.504Z] >>> HTTP REQUEST POST https://cloudfunctions.googleapis.com/v1/projects/fantacalcio-3836a/locations/us-central1/functions:generateUploadUrl  
 
[debug] [2021-08-10T06:57:57.101Z] <<< HTTP RESPONSE 200 {"content-type":"application/json; charset=UTF-8","vary":"X-Origin, Referer, Origin,Accept-Encoding","date":"Tue, 10 Aug 2021 06:57:57 GMT","server":"ESF","cache-control":"private","x-xss-protection":"0","x-frame-options":"SAMEORIGIN","x-content-type-options":"nosniff","alt-svc":"h3=\":443\"; ma=2592000,h3-29=\":443\"; ma=2592000,h3-T051=\":443\"; ma=2592000,h3-Q050=\":443\"; ma=2592000,h3-Q046=\":443\"; ma=2592000,h3-Q043=\":443\"; ma=2592000,quic=\":443\"; ma=2592000; v=\"46,43\"","accept-ranges":"none","transfer-encoding":"chunked"}
[debug] [2021-08-10T06:57:57.102Z] >>> HTTP REQUEST PUT https://storage.googleapis.com/gcf-upload-us-central1-4d6b157e-0df3-4b4c-a408-b81280eef3e6/8b3e17db-5278-45a9-beac-a6712f70ac6f.zip?GoogleAccessId=service-149906309176@gcf-admin-robot.iam.gserviceaccount.com&Expires=1628580476&Signature=mJrP4wTX46zgQniUL8lqs1ElxO7dph4taqwjr2XNdYXmyg93Wx0bs35ZGMLG8lSNojhLucE9qXocHkN3hvy8VYzZdPmR3gzxSaVb6p2AJafVTME4H%2Bq8vbVPFBBZrZrT5mRv3c5GRqYgZPhuXzBcXXoPp%2BTgXrt%2FIXSytoLBumlDZ97RjWyb5vYewOzSrWxo9ptSjnQydtMxPu2Z8dm3%2F9IKSkEoXTvD10ssPsQArM%2F0ydBgoC%2BH8zGBk4GFGf0ZOxLsmezjv4ZZG6Q57R6eZw4VnSgiwSpU3psenWuY0lQT%2F63Bunt4xY6%2Bo9tcDI2RUHv9560YXhvZfpVqBFIuWA%3D%3D  
 <request body omitted>
[debug] [2021-08-10T06:57:58.994Z] <<< HTTP RESPONSE 200 {"x-guploader-uploadid":"ADPycduSiag_f1diNLONozyM_VDaArxUf3ttlf3Xwdcs_TnOvUPU2npYoror3kttVsce6qlaH3mvAhxSOzEuZR6x4QLa6TshNQ","etag":"\"d6b8c27f14b4d88d22959c25a6667f96\"","x-goog-generation":"1628578678927086","x-goog-metageneration":"1","x-goog-hash":"crc32c=hhGfOg==, md5=1rjCfxS02I0ilZwlpmZ/lg==","x-goog-stored-content-length":"55328","x-goog-stored-content-encoding":"identity","vary":"Origin","content-length":"0","date":"Tue, 10 Aug 2021 06:57:58 GMT","server":"UploadServer","content-type":"text/html; charset=UTF-8","alt-svc":"h3=\":443\"; ma=2592000,h3-29=\":443\"; ma=2592000,h3-T051=\":443\"; ma=2592000,h3-Q050=\":443\"; ma=2592000,h3-Q046=\":443\"; ma=2592000,h3-Q043=\":443\"; ma=2592000,quic=\":443\"; ma=2592000; v=\"46,43\""}
[info] ✔  functions: functions folder uploaded successfully 
[info] i  hosting[fantacalcio-3836a]: beginning deploy... 
[info] i  hosting[fantacalcio-3836a]: found 19 files in dist 
[debug] [2021-08-10T06:57:59.691Z] > refreshing access token with scopes: []
[debug] [2021-08-10T06:57:59.692Z] >>> HTTP REQUEST POST https://www.googleapis.com/oauth2/v3/token  
 <request body omitted>
[debug] [2021-08-10T06:57:59.694Z] [hosting] hash cache [ZGlzdA] stored for 19 files
[debug] [2021-08-10T06:57:59.694Z] [hosting][hash queue][FINAL] {"max":678,"min":10,"avg":49.26315789473684,"active":0,"complete":19,"success":19,"errored":0,"retried":0,"total":19,"elapsed":685}
[debug] [2021-08-10T06:57:59.799Z] <<< HTTP RESPONSE 200 {"expires":"Mon, 01 Jan 1990 00:00:00 GMT","date":"Tue, 10 Aug 2021 06:57:59 GMT","pragma":"no-cache","cache-control":"no-cache, no-store, max-age=0, must-revalidate","content-type":"application/json; charset=utf-8","vary":"X-Origin, Referer, Origin,Accept-Encoding","server":"scaffolding on HTTPServer2","x-xss-protection":"0","x-frame-options":"SAMEORIGIN","x-content-type-options":"nosniff","alt-svc":"h3=\":443\"; ma=2592000,h3-29=\":443\"; ma=2592000,h3-T051=\":443\"; ma=2592000,h3-Q050=\":443\"; ma=2592000,h3-Q046=\":443\"; ma=2592000,h3-Q043=\":443\"; ma=2592000,quic=\":443\"; ma=2592000; v=\"46,43\"","accept-ranges":"none","transfer-encoding":"chunked"}
[debug] [2021-08-10T06:57:59.814Z] >>> [apiv2][query] POST https://firebasehosting.googleapis.com/v1beta1/sites/fantacalcio-3836a/versions/c295e9e6f08d0b59:populateFiles [none]
[debug] [2021-08-10T06:57:59.815Z] >>> [apiv2][body] POST https://firebasehosting.googleapis.com/v1beta1/sites/fantacalcio-3836a/versions/c295e9e6f08d0b59:populateFiles {"files":{"/index.html":"d3c380af27f8f47ef384146aee2ec823b34ac73c1a178b5cac50ebbbb2736787","/favicon.ico":"1e71457865f706dc865b49a54a86e193818220d290b30226b6630a42faf1535d","/css/signup.2352fa63.css":"bb5e2f9d2022947a3a39bd962ab06125d8dbb9509c88300bc0b79ed2c7e5b5c5","/css/home.6a8ce6ad.css":"078b04bdcd03824b76b0a00cb848747f8d7bef3f8f84c77f4a74243b4300e44e","/css/app.eb681c3e.css":"4521df018be5e89871b74843e605c6b7c475d7aa5bbf5b17e6d2548725d76716","/js/app.49cf5f7b.js":"bd56ec8a36399fc265580c26d4e3108b55efe881ffcafea510f38343c2ccca14","/js/create-user.d1887dc5.js":"e2627a849712af5ff1f126e18a26371cac27232e9d3d830122df20c783ee3c36","/js/create-user.d1887dc5.js.map":"f510b3a97b9b3d52a9a7cdf6ef02009f461c45a8a11f735a40749bb010695d2b","/js/app.49cf5f7b.js.map":"cfad0f4cde168641ed1465251ad59efbfbec28645692c7fe3239fa24a9f40307","/js/login.51220903.js":"3103dc5f1d8204e8d6cf449dd22f742472d0ccc73d0db6a6ab3882d19260de24","/js/login.51220903.js.map":"1b71013ce67f1f6768fdc30c283b9527bf9b11b9c8d11f0964b4f82888e6e757","/js/signup.e8c35c62.js":"1958e5c2c97fb42838bd7ba8b37d2113fd685ee568e26b564a9c32ea165e561d","/js/signup.e8c35c62.js.map":"5c093a90be09df6a77d1ae5a2242991d33e3d3b85b1c8093d41ecceac04e7a8c","/js/home.2cefb6dd.js.map":"2f37ac6ba7566672f75c6c0579aaa2bba0d0c7f200d804066f439a5e3913cc20","/js/user.9e5b1c2d.js":"867f7244fba9ac0d8860c0421333ca342e4cafedd2f8d4f525137a816d3ba237","/js/user.9e5b1c2d.js.map":"efce78a0fb1804d0ed3b4d5d7662f560e38ec2330003fe7fbea55e848136ac26","/js/home.2cefb6dd.js":"7444ede5627553af9b73e63d32a96c6f79c569d2794a5ae0cb8bb5c43d896782","/js/chunk-vendors.dfdfe324.js":"6f19151c3c7d164f6fffd862d846ee18af85e019c39beaa8a2ec2cf17a33aa29","/js/chunk-vendors.dfdfe324.js.map":"13f8deb18026a564d46bc8cdbad8bf847d4d21fac87dd7e0f53f384468a0fd96"}}
[debug] [2021-08-10T06:58:00.903Z] <<< [apiv2][status] POST https://firebasehosting.googleapis.com/v1beta1/sites/fantacalcio-3836a/versions/c295e9e6f08d0b59:populateFiles 200
[debug] [2021-08-10T06:58:00.903Z] <<< [apiv2][body] POST https://firebasehosting.googleapis.com/v1beta1/sites/fantacalcio-3836a/versions/c295e9e6f08d0b59:populateFiles {"uploadUrl":"https://upload-firebasehosting.googleapis.com/upload/sites/fantacalcio-3836a/versions/c295e9e6f08d0b59/files"}
[debug] [2021-08-10T06:58:00.904Z] [hosting][populate queue][FINAL] {"max":1212,"min":1212,"avg":1212,"active":0,"complete":1,"success":1,"errored":0,"retried":0,"total":1,"elapsed":1213}
[debug] [2021-08-10T06:58:00.904Z] [hosting] uploads queued: 0
[debug] [2021-08-10T06:58:00.904Z] [hosting][upload queue][FINAL] {"max":0,"min":9999999999,"avg":0,"active":0,"complete":0,"success":0,"errored":0,"retried":0,"total":0,"elapsed":1628578680904}
[info] ✔  hosting[fantacalcio-3836a]: file upload complete 
[debug] [2021-08-10T06:58:00.904Z] [hosting] deploy completed after 1909ms
[debug] [2021-08-10T06:58:00.907Z] [rules] releasing cloud.firestore with ruleset projects/fantacalcio-3836a/rulesets/3d59c193-e331-4387-b973-cc3fd477c9e3
[debug] [2021-08-10T06:58:00.907Z] > refreshing access token with scopes: ["email","https://www.googleapis.com/auth/cloud-platform","https://www.googleapis.com/auth/cloudplatformprojects.readonly","https://www.googleapis.com/auth/firebase","openid"]
[debug] [2021-08-10T06:58:00.907Z] >>> HTTP REQUEST POST https://www.googleapis.com/oauth2/v3/token  
 <request body omitted>
[debug] [2021-08-10T06:58:01.013Z] <<< HTTP RESPONSE 200 {"pragma":"no-cache","cache-control":"no-cache, no-store, max-age=0, must-revalidate","date":"Tue, 10 Aug 2021 06:58:01 GMT","expires":"Mon, 01 Jan 1990 00:00:00 GMT","content-type":"application/json; charset=utf-8","vary":"X-Origin, Referer, Origin,Accept-Encoding","server":"scaffolding on HTTPServer2","x-xss-protection":"0","x-frame-options":"SAMEORIGIN","x-content-type-options":"nosniff","alt-svc":"h3=\":443\"; ma=2592000,h3-29=\":443\"; ma=2592000,h3-T051=\":443\"; ma=2592000,h3-Q050=\":443\"; ma=2592000,h3-Q046=\":443\"; ma=2592000,h3-Q043=\":443\"; ma=2592000,quic=\":443\"; ma=2592000; v=\"46,43\"","accept-ranges":"none","transfer-encoding":"chunked"}
[debug] [2021-08-10T06:58:01.025Z] >>> HTTP REQUEST PATCH https://firebaserules.googleapis.com/v1/projects/fantacalcio-3836a/releases/cloud.firestore  
 {"release":{"name":"projects/fantacalcio-3836a/releases/cloud.firestore","rulesetName":"projects/fantacalcio-3836a/rulesets/3d59c193-e331-4387-b973-cc3fd477c9e3"}}
[debug] [2021-08-10T06:58:01.922Z] <<< HTTP RESPONSE 200 {"content-type":"application/json; charset=UTF-8","vary":"X-Origin, Referer, Origin,Accept-Encoding","date":"Tue, 10 Aug 2021 06:58:01 GMT","server":"ESF","cache-control":"private","x-xss-protection":"0","x-frame-options":"SAMEORIGIN","x-content-type-options":"nosniff","alt-svc":"h3=\":443\"; ma=2592000,h3-29=\":443\"; ma=2592000,h3-T051=\":443\"; ma=2592000,h3-Q050=\":443\"; ma=2592000,h3-Q046=\":443\"; ma=2592000,h3-Q043=\":443\"; ma=2592000,quic=\":443\"; ma=2592000; v=\"46,43\"","accept-ranges":"none","transfer-encoding":"chunked"}
[debug] [2021-08-10T06:58:01.923Z] [rules] updated release projects/fantacalcio-3836a/releases/cloud.firestore
[info] ✔  firestore: released rules firestore.rules to cloud.firestore 
[info] i  functions: updating Node.js 14 function initTimer(europe-west1)... 
[debug] [2021-08-10T06:58:01.927Z] >>> HTTP REQUEST PATCH https://cloudfunctions.googleapis.com/v1/projects/fantacalcio-3836a/locations/europe-west1/functions/initTimer {"updateMask":"name,sourceUploadUrl,entryPoint,runtime,eventTrigger.eventType,eventTrigger.resource,eventTrigger.failurePolicy,labels,environmentVariables"} 
 {"name":"projects/fantacalcio-3836a/locations/europe-west1/functions/initTimer","sourceUploadUrl":"https://storage.googleapis.com/gcf-upload-us-central1-4d6b157e-0df3-4b4c-a408-b81280eef3e6/8b3e17db-5278-45a9-beac-a6712f70ac6f.zip?GoogleAccessId=service-149906309176@gcf-admin-robot.iam.gserviceaccount.com&Expires=1628580476&Signature=mJrP4wTX46zgQniUL8lqs1ElxO7dph4taqwjr2XNdYXmyg93Wx0bs35ZGMLG8lSNojhLucE9qXocHkN3hvy8VYzZdPmR3gzxSaVb6p2AJafVTME4H%2Bq8vbVPFBBZrZrT5mRv3c5GRqYgZPhuXzBcXXoPp%2BTgXrt%2FIXSytoLBumlDZ97RjWyb5vYewOzSrWxo9ptSjnQydtMxPu2Z8dm3%2F9IKSkEoXTvD10ssPsQArM%2F0ydBgoC%2BH8zGBk4GFGf0ZOxLsmezjv4ZZG6Q57R6eZw4VnSgiwSpU3psenWuY0lQT%2F63Bunt4xY6%2Bo9tcDI2RUHv9560YXhvZfpVqBFIuWA%3D%3D","entryPoint":"initTimer","runtime":"nodejs14","eventTrigger":{"eventType":"providers/cloud.firestore/eventTypes/document.update","resource":"projects/fantacalcio-3836a/databases/(default)/documents/liveAuction/IhkbDrILbzkpCaRBGMyq"},"labels":{"deployment-tool":"cli-firebase"},"environmentVariables":{"FIREBASE_CONFIG":"{\"projectId\":\"fantacalcio-3836a\",\"storageBucket\":\"fantacalcio-3836a.appspot.com\",\"locationId\":\"europe-west\"}"}}
[debug] [2021-08-10T06:58:02.241Z] <<< HTTP RESPONSE 200 {"content-type":"application/json; charset=UTF-8","vary":"X-Origin, Referer, Origin,Accept-Encoding","date":"Tue, 10 Aug 2021 06:58:02 GMT","server":"ESF","cache-control":"private","x-xss-protection":"0","x-frame-options":"SAMEORIGIN","x-content-type-options":"nosniff","alt-svc":"h3=\":443\"; ma=2592000,h3-29=\":443\"; ma=2592000,h3-T051=\":443\"; ma=2592000,h3-Q050=\":443\"; ma=2592000,h3-Q046=\":443\"; ma=2592000,h3-Q043=\":443\"; ma=2592000,quic=\":443\"; ma=2592000; v=\"46,43\"","accept-ranges":"none","transfer-encoding":"chunked"}
[debug] [2021-08-10T06:58:02.242Z] > refreshing access token with scopes: []
[debug] [2021-08-10T06:58:02.242Z] >>> HTTP REQUEST POST https://www.googleapis.com/oauth2/v3/token  
 <request body omitted>
[debug] [2021-08-10T06:58:02.359Z] <<< HTTP RESPONSE 200 {"expires":"Mon, 01 Jan 1990 00:00:00 GMT","date":"Tue, 10 Aug 2021 06:58:02 GMT","pragma":"no-cache","cache-control":"no-cache, no-store, max-age=0, must-revalidate","content-type":"application/json; charset=utf-8","vary":"X-Origin, Referer, Origin,Accept-Encoding","server":"scaffolding on HTTPServer2","x-xss-protection":"0","x-frame-options":"SAMEORIGIN","x-content-type-options":"nosniff","alt-svc":"h3=\":443\"; ma=2592000,h3-29=\":443\"; ma=2592000,h3-T051=\":443\"; ma=2592000,h3-Q050=\":443\"; ma=2592000,h3-Q046=\":443\"; ma=2592000,h3-Q043=\":443\"; ma=2592000,quic=\":443\"; ma=2592000; v=\"46,43\"","accept-ranges":"none","transfer-encoding":"chunked"}
[debug] [2021-08-10T06:58:02.375Z] >>> [apiv2][query] GET https://cloudfunctions.googleapis.com/v1/operations/ZmFudGFjYWxjaW8tMzgzNmEvZXVyb3BlLXdlc3QxL2luaXRUaW1lci9pYnpYbzBJVnBZTQ [none]
[debug] [2021-08-10T06:58:02.530Z] <<< [apiv2][status] GET https://cloudfunctions.googleapis.com/v1/operations/ZmFudGFjYWxjaW8tMzgzNmEvZXVyb3BlLXdlc3QxL2luaXRUaW1lci9pYnpYbzBJVnBZTQ 200
[debug] [2021-08-10T06:58:02.530Z] <<< [apiv2][body] GET https://cloudfunctions.googleapis.com/v1/operations/ZmFudGFjYWxjaW8tMzgzNmEvZXVyb3BlLXdlc3QxL2luaXRUaW1lci9pYnpYbzBJVnBZTQ {"name":"operations/ZmFudGFjYWxjaW8tMzgzNmEvZXVyb3BlLXdlc3QxL2luaXRUaW1lci9pYnpYbzBJVnBZTQ","metadata":{"@type":"type.googleapis.com/google.cloud.functions.v1.OperationMetadataV1","target":"projects/fantacalcio-3836a/locations/europe-west1/functions/initTimer","type":"UPDATE_FUNCTION","request":{"@type":"type.googleapis.com/google.cloud.functions.v1.CloudFunction","name":"projects/fantacalcio-3836a/locations/europe-west1/functions/initTimer","eventTrigger":{"eventType":"providers/cloud.firestore/eventTypes/document.update","resource":"projects/fantacalcio-3836a/databases/(default)/documents/liveAuction/IhkbDrILbzkpCaRBGMyq","service":"firestore.googleapis.com"},"status":"ACTIVE","entryPoint":"initTimer","timeout":"60s","availableMemoryMb":256,"serviceAccountEmail":"fantacalcio-3836a@appspot.gserviceaccount.com","updateTime":"2021-08-09T07:43:28.854Z","versionId":"2","labels":{"deployment-tool":"cli-firebase"},"sourceUploadUrl":"https://storage.googleapis.com/gcf-upload-us-central1-4d6b157e-0df3-4b4c-a408-b81280eef3e6/8b3e17db-5278-45a9-beac-a6712f70ac6f.zip?GoogleAccessId=service-149906309176@gcf-admin-robot.iam.gserviceaccount.com&Expires=1628580476&Signature=mJrP4wTX46zgQniUL8lqs1ElxO7dph4taqwjr2XNdYXmyg93Wx0bs35ZGMLG8lSNojhLucE9qXocHkN3hvy8VYzZdPmR3gzxSaVb6p2AJafVTME4H%2Bq8vbVPFBBZrZrT5mRv3c5GRqYgZPhuXzBcXXoPp%2BTgXrt%2FIXSytoLBumlDZ97RjWyb5vYewOzSrWxo9ptSjnQydtMxPu2Z8dm3%2F9IKSkEoXTvD10ssPsQArM%2F0ydBgoC%2BH8zGBk4GFGf0ZOxLsmezjv4ZZG6Q57R6eZw4VnSgiwSpU3psenWuY0lQT%2F63Bunt4xY6%2Bo9tcDI2RUHv9560YXhvZfpVqBFIuWA%3D%3D","environmentVariables":{"FIREBASE_CONFIG":"{\"projectId\":\"fantacalcio-3836a\",\"storageBucket\":\"fantacalcio-3836a.appspot.com\",\"locationId\":\"europe-west\"}"},"runtime":"nodejs14","ingressSettings":"ALLOW_ALL","buildId":"225b0133-a9fa-48ca-89c0-0e75e551a475"},"versionId":"3","updateTime":"2021-08-10T06:58:02Z","buildName":"projects/149906309176/locations/europe-west1/builds/225b0133-a9fa-48ca-89c0-0e75e551a475"}}
[debug] [2021-08-10T06:58:03.032Z] [update-projects/fantacalcio-3836a/locations/europe-west1/functions/initTimer] Retrying task index 0
[debug] [2021-08-10T06:58:03.033Z] >>> [apiv2][query] GET https://cloudfunctions.googleapis.com/v1/operations/ZmFudGFjYWxjaW8tMzgzNmEvZXVyb3BlLXdlc3QxL2luaXRUaW1lci9pYnpYbzBJVnBZTQ [none]
[debug] [2021-08-10T06:58:03.174Z] <<< [apiv2][status] GET https://cloudfunctions.googleapis.com/v1/operations/ZmFudGFjYWxjaW8tMzgzNmEvZXVyb3BlLXdlc3QxL2luaXRUaW1lci9pYnpYbzBJVnBZTQ 200
[debug] [2021-08-10T06:58:03.174Z] <<< [apiv2][body] GET https://cloudfunctions.googleapis.com/v1/operations/ZmFudGFjYWxjaW8tMzgzNmEvZXVyb3BlLXdlc3QxL2luaXRUaW1lci9pYnpYbzBJVnBZTQ {"name":"operations/ZmFudGFjYWxjaW8tMzgzNmEvZXVyb3BlLXdlc3QxL2luaXRUaW1lci9pYnpYbzBJVnBZTQ","metadata":{"@type":"type.googleapis.com/google.cloud.functions.v1.OperationMetadataV1","target":"projects/fantacalcio-3836a/locations/europe-west1/functions/initTimer","type":"UPDATE_FUNCTION","request":{"@type":"type.googleapis.com/google.cloud.functions.v1.CloudFunction","name":"projects/fantacalcio-3836a/locations/europe-west1/functions/initTimer","eventTrigger":{"eventType":"providers/cloud.firestore/eventTypes/document.update","resource":"projects/fantacalcio-3836a/databases/(default)/documents/liveAuction/IhkbDrILbzkpCaRBGMyq","service":"firestore.googleapis.com"},"status":"ACTIVE","entryPoint":"initTimer","timeout":"60s","availableMemoryMb":256,"serviceAccountEmail":"fantacalcio-3836a@appspot.gserviceaccount.com","updateTime":"2021-08-09T07:43:28.854Z","versionId":"2","labels":{"deployment-tool":"cli-firebase"},"sourceUploadUrl":"https://storage.googleapis.com/gcf-upload-us-central1-4d6b157e-0df3-4b4c-a408-b81280eef3e6/8b3e17db-5278-45a9-beac-a6712f70ac6f.zip?GoogleAccessId=service-149906309176@gcf-admin-robot.iam.gserviceaccount.com&Expires=1628580476&Signature=mJrP4wTX46zgQniUL8lqs1ElxO7dph4taqwjr2XNdYXmyg93Wx0bs35ZGMLG8lSNojhLucE9qXocHkN3hvy8VYzZdPmR3gzxSaVb6p2AJafVTME4H%2Bq8vbVPFBBZrZrT5mRv3c5GRqYgZPhuXzBcXXoPp%2BTgXrt%2FIXSytoLBumlDZ97RjWyb5vYewOzSrWxo9ptSjnQydtMxPu2Z8dm3%2F9IKSkEoXTvD10ssPsQArM%2F0ydBgoC%2BH8zGBk4GFGf0ZOxLsmezjv4ZZG6Q57R6eZw4VnSgiwSpU3psenWuY0lQT%2F63Bunt4xY6%2Bo9tcDI2RUHv9560YXhvZfpVqBFIuWA%3D%3D","environmentVariables":{"FIREBASE_CONFIG":"{\"projectId\":\"fantacalcio-3836a\",\"storageBucket\":\"fantacalcio-3836a.appspot.com\",\"locationId\":\"europe-west\"}"},"runtime":"nodejs14","ingressSettings":"ALLOW_ALL","buildId":"225b0133-a9fa-48ca-89c0-0e75e551a475"},"versionId":"3","updateTime":"2021-08-10T06:58:02Z","buildName":"projects/149906309176/locations/europe-west1/builds/225b0133-a9fa-48ca-89c0-0e75e551a475"}}
[debug] [2021-08-10T06:58:04.179Z] [update-projects/fantacalcio-3836a/locations/europe-west1/functions/initTimer] Retrying task index 0
[debug] [2021-08-10T06:58:04.179Z] >>> [apiv2][query] GET https://cloudfunctions.googleapis.com/v1/operations/ZmFudGFjYWxjaW8tMzgzNmEvZXVyb3BlLXdlc3QxL2luaXRUaW1lci9pYnpYbzBJVnBZTQ [none]
[debug] [2021-08-10T06:58:04.301Z] <<< [apiv2][status] GET https://cloudfunctions.googleapis.com/v1/operations/ZmFudGFjYWxjaW8tMzgzNmEvZXVyb3BlLXdlc3QxL2luaXRUaW1lci9pYnpYbzBJVnBZTQ 200
[debug] [2021-08-10T06:58:04.301Z] <<< [apiv2][body] GET https://cloudfunctions.googleapis.com/v1/operations/ZmFudGFjYWxjaW8tMzgzNmEvZXVyb3BlLXdlc3QxL2luaXRUaW1lci9pYnpYbzBJVnBZTQ {"name":"operations/ZmFudGFjYWxjaW8tMzgzNmEvZXVyb3BlLXdlc3QxL2luaXRUaW1lci9pYnpYbzBJVnBZTQ","metadata":{"@type":"type.googleapis.com/google.cloud.functions.v1.OperationMetadataV1","target":"projects/fantacalcio-3836a/locations/europe-west1/functions/initTimer","type":"UPDATE_FUNCTION","request":{"@type":"type.googleapis.com/google.cloud.functions.v1.CloudFunction","name":"projects/fantacalcio-3836a/locations/europe-west1/functions/initTimer","eventTrigger":{"eventType":"providers/cloud.firestore/eventTypes/document.update","resource":"projects/fantacalcio-3836a/databases/(default)/documents/liveAuction/IhkbDrILbzkpCaRBGMyq","service":"firestore.googleapis.com"},"status":"ACTIVE","entryPoint":"initTimer","timeout":"60s","availableMemoryMb":256,"serviceAccountEmail":"fantacalcio-3836a@appspot.gserviceaccount.com","updateTime":"2021-08-09T07:43:28.854Z","versionId":"2","labels":{"deployment-tool":"cli-firebase"},"sourceUploadUrl":"https://storage.googleapis.com/gcf-upload-us-central1-4d6b157e-0df3-4b4c-a408-b81280eef3e6/8b3e17db-5278-45a9-beac-a6712f70ac6f.zip?GoogleAccessId=service-149906309176@gcf-admin-robot.iam.gserviceaccount.com&Expires=1628580476&Signature=mJrP4wTX46zgQniUL8lqs1ElxO7dph4taqwjr2XNdYXmyg93Wx0bs35ZGMLG8lSNojhLucE9qXocHkN3hvy8VYzZdPmR3gzxSaVb6p2AJafVTME4H%2Bq8vbVPFBBZrZrT5mRv3c5GRqYgZPhuXzBcXXoPp%2BTgXrt%2FIXSytoLBumlDZ97RjWyb5vYewOzSrWxo9ptSjnQydtMxPu2Z8dm3%2F9IKSkEoXTvD10ssPsQArM%2F0ydBgoC%2BH8zGBk4GFGf0ZOxLsmezjv4ZZG6Q57R6eZw4VnSgiwSpU3psenWuY0lQT%2F63Bunt4xY6%2Bo9tcDI2RUHv9560YXhvZfpVqBFIuWA%3D%3D","environmentVariables":{"FIREBASE_CONFIG":"{\"projectId\":\"fantacalcio-3836a\",\"storageBucket\":\"fantacalcio-3836a.appspot.com\",\"locationId\":\"europe-west\"}"},"runtime":"nodejs14","ingressSettings":"ALLOW_ALL","buildId":"225b0133-a9fa-48ca-89c0-0e75e551a475"},"versionId":"3","updateTime":"2021-08-10T06:58:02Z","buildId":"052d2355-08d6-4a61-93dd-d20fad4210f8","buildName":"projects/149906309176/locations/europe-west1/builds/052d2355-08d6-4a61-93dd-d20fad4210f8"}}
[debug] [2021-08-10T06:58:06.304Z] [update-projects/fantacalcio-3836a/locations/europe-west1/functions/initTimer] Retrying task index 0
[debug] [2021-08-10T06:58:06.304Z] >>> [apiv2][query] GET https://cloudfunctions.googleapis.com/v1/operations/ZmFudGFjYWxjaW8tMzgzNmEvZXVyb3BlLXdlc3QxL2luaXRUaW1lci9pYnpYbzBJVnBZTQ [none]
[debug] [2021-08-10T06:58:06.591Z] <<< [apiv2][status] GET https://cloudfunctions.googleapis.com/v1/operations/ZmFudGFjYWxjaW8tMzgzNmEvZXVyb3BlLXdlc3QxL2luaXRUaW1lci9pYnpYbzBJVnBZTQ 200
[debug] [2021-08-10T06:58:06.591Z] <<< [apiv2][body] GET https://cloudfunctions.googleapis.com/v1/operations/ZmFudGFjYWxjaW8tMzgzNmEvZXVyb3BlLXdlc3QxL2luaXRUaW1lci9pYnpYbzBJVnBZTQ {"name":"operations/ZmFudGFjYWxjaW8tMzgzNmEvZXVyb3BlLXdlc3QxL2luaXRUaW1lci9pYnpYbzBJVnBZTQ","metadata":{"@type":"type.googleapis.com/google.cloud.functions.v1.OperationMetadataV1","target":"projects/fantacalcio-3836a/locations/europe-west1/functions/initTimer","type":"UPDATE_FUNCTION","request":{"@type":"type.googleapis.com/google.cloud.functions.v1.CloudFunction","name":"projects/fantacalcio-3836a/locations/europe-west1/functions/initTimer","eventTrigger":{"eventType":"providers/cloud.firestore/eventTypes/document.update","resource":"projects/fantacalcio-3836a/databases/(default)/documents/liveAuction/IhkbDrILbzkpCaRBGMyq","service":"firestore.googleapis.com"},"status":"ACTIVE","entryPoint":"initTimer","timeout":"60s","availableMemoryMb":256,"serviceAccountEmail":"fantacalcio-3836a@appspot.gserviceaccount.com","updateTime":"2021-08-09T07:43:28.854Z","versionId":"2","labels":{"deployment-tool":"cli-firebase"},"sourceUploadUrl":"https://storage.googleapis.com/gcf-upload-us-central1-4d6b157e-0df3-4b4c-a408-b81280eef3e6/8b3e17db-5278-45a9-beac-a6712f70ac6f.zip?GoogleAccessId=service-149906309176@gcf-admin-robot.iam.gserviceaccount.com&Expires=1628580476&Signature=mJrP4wTX46zgQniUL8lqs1ElxO7dph4taqwjr2XNdYXmyg93Wx0bs35ZGMLG8lSNojhLucE9qXocHkN3hvy8VYzZdPmR3gzxSaVb6p2AJafVTME4H%2Bq8vbVPFBBZrZrT5mRv3c5GRqYgZPhuXzBcXXoPp%2BTgXrt%2FIXSytoLBumlDZ97RjWyb5vYewOzSrWxo9ptSjnQydtMxPu2Z8dm3%2F9IKSkEoXTvD10ssPsQArM%2F0ydBgoC%2BH8zGBk4GFGf0ZOxLsmezjv4ZZG6Q57R6eZw4VnSgiwSpU3psenWuY0lQT%2F63Bunt4xY6%2Bo9tcDI2RUHv9560YXhvZfpVqBFIuWA%3D%3D","environmentVariables":{"FIREBASE_CONFIG":"{\"projectId\":\"fantacalcio-3836a\",\"storageBucket\":\"fantacalcio-3836a.appspot.com\",\"locationId\":\"europe-west\"}"},"runtime":"nodejs14","ingressSettings":"ALLOW_ALL","buildId":"225b0133-a9fa-48ca-89c0-0e75e551a475"},"versionId":"3","updateTime":"2021-08-10T06:58:02Z","buildId":"052d2355-08d6-4a61-93dd-d20fad4210f8","buildName":"projects/149906309176/locations/europe-west1/builds/052d2355-08d6-4a61-93dd-d20fad4210f8"}}
[debug] [2021-08-10T06:58:10.593Z] [update-projects/fantacalcio-3836a/locations/europe-west1/functions/initTimer] Retrying task index 0
[debug] [2021-08-10T06:58:10.593Z] >>> [apiv2][query] GET https://cloudfunctions.googleapis.com/v1/operations/ZmFudGFjYWxjaW8tMzgzNmEvZXVyb3BlLXdlc3QxL2luaXRUaW1lci9pYnpYbzBJVnBZTQ [none]
[debug] [2021-08-10T06:58:10.711Z] <<< [apiv2][status] GET https://cloudfunctions.googleapis.com/v1/operations/ZmFudGFjYWxjaW8tMzgzNmEvZXVyb3BlLXdlc3QxL2luaXRUaW1lci9pYnpYbzBJVnBZTQ 200
[debug] [2021-08-10T06:58:10.711Z] <<< [apiv2][body] GET https://cloudfunctions.googleapis.com/v1/operations/ZmFudGFjYWxjaW8tMzgzNmEvZXVyb3BlLXdlc3QxL2luaXRUaW1lci9pYnpYbzBJVnBZTQ {"name":"operations/ZmFudGFjYWxjaW8tMzgzNmEvZXVyb3BlLXdlc3QxL2luaXRUaW1lci9pYnpYbzBJVnBZTQ","metadata":{"@type":"type.googleapis.com/google.cloud.functions.v1.OperationMetadataV1","target":"projects/fantacalcio-3836a/locations/europe-west1/functions/initTimer","type":"UPDATE_FUNCTION","request":{"@type":"type.googleapis.com/google.cloud.functions.v1.CloudFunction","name":"projects/fantacalcio-3836a/locations/europe-west1/functions/initTimer","eventTrigger":{"eventType":"providers/cloud.firestore/eventTypes/document.update","resource":"projects/fantacalcio-3836a/databases/(default)/documents/liveAuction/IhkbDrILbzkpCaRBGMyq","service":"firestore.googleapis.com"},"status":"ACTIVE","entryPoint":"initTimer","timeout":"60s","availableMemoryMb":256,"serviceAccountEmail":"fantacalcio-3836a@appspot.gserviceaccount.com","updateTime":"2021-08-09T07:43:28.854Z","versionId":"2","labels":{"deployment-tool":"cli-firebase"},"sourceUploadUrl":"https://storage.googleapis.com/gcf-upload-us-central1-4d6b157e-0df3-4b4c-a408-b81280eef3e6/8b3e17db-5278-45a9-beac-a6712f70ac6f.zip?GoogleAccessId=service-149906309176@gcf-admin-robot.iam.gserviceaccount.com&Expires=1628580476&Signature=mJrP4wTX46zgQniUL8lqs1ElxO7dph4taqwjr2XNdYXmyg93Wx0bs35ZGMLG8lSNojhLucE9qXocHkN3hvy8VYzZdPmR3gzxSaVb6p2AJafVTME4H%2Bq8vbVPFBBZrZrT5mRv3c5GRqYgZPhuXzBcXXoPp%2BTgXrt%2FIXSytoLBumlDZ97RjWyb5vYewOzSrWxo9ptSjnQydtMxPu2Z8dm3%2F9IKSkEoXTvD10ssPsQArM%2F0ydBgoC%2BH8zGBk4GFGf0ZOxLsmezjv4ZZG6Q57R6eZw4VnSgiwSpU3psenWuY0lQT%2F63Bunt4xY6%2Bo9tcDI2RUHv9560YXhvZfpVqBFIuWA%3D%3D","environmentVariables":{"FIREBASE_CONFIG":"{\"projectId\":\"fantacalcio-3836a\",\"storageBucket\":\"fantacalcio-3836a.appspot.com\",\"locationId\":\"europe-west\"}"},"runtime":"nodejs14","ingressSettings":"ALLOW_ALL","buildId":"225b0133-a9fa-48ca-89c0-0e75e551a475"},"versionId":"3","updateTime":"2021-08-10T06:58:02Z","buildId":"052d2355-08d6-4a61-93dd-d20fad4210f8","buildName":"projects/149906309176/locations/europe-west1/builds/052d2355-08d6-4a61-93dd-d20fad4210f8"}}
[debug] [2021-08-10T06:58:18.711Z] [update-projects/fantacalcio-3836a/locations/europe-west1/functions/initTimer] Retrying task index 0
[debug] [2021-08-10T06:58:18.712Z] >>> [apiv2][query] GET https://cloudfunctions.googleapis.com/v1/operations/ZmFudGFjYWxjaW8tMzgzNmEvZXVyb3BlLXdlc3QxL2luaXRUaW1lci9pYnpYbzBJVnBZTQ [none]
[debug] [2021-08-10T06:58:18.842Z] <<< [apiv2][status] GET https://cloudfunctions.googleapis.com/v1/operations/ZmFudGFjYWxjaW8tMzgzNmEvZXVyb3BlLXdlc3QxL2luaXRUaW1lci9pYnpYbzBJVnBZTQ 200
[debug] [2021-08-10T06:58:18.843Z] <<< [apiv2][body] GET https://cloudfunctions.googleapis.com/v1/operations/ZmFudGFjYWxjaW8tMzgzNmEvZXVyb3BlLXdlc3QxL2luaXRUaW1lci9pYnpYbzBJVnBZTQ {"name":"operations/ZmFudGFjYWxjaW8tMzgzNmEvZXVyb3BlLXdlc3QxL2luaXRUaW1lci9pYnpYbzBJVnBZTQ","metadata":{"@type":"type.googleapis.com/google.cloud.functions.v1.OperationMetadataV1","target":"projects/fantacalcio-3836a/locations/europe-west1/functions/initTimer","type":"UPDATE_FUNCTION","request":{"@type":"type.googleapis.com/google.cloud.functions.v1.CloudFunction","name":"projects/fantacalcio-3836a/locations/europe-west1/functions/initTimer","eventTrigger":{"eventType":"providers/cloud.firestore/eventTypes/document.update","resource":"projects/fantacalcio-3836a/databases/(default)/documents/liveAuction/IhkbDrILbzkpCaRBGMyq","service":"firestore.googleapis.com"},"status":"ACTIVE","entryPoint":"initTimer","timeout":"60s","availableMemoryMb":256,"serviceAccountEmail":"fantacalcio-3836a@appspot.gserviceaccount.com","updateTime":"2021-08-09T07:43:28.854Z","versionId":"2","labels":{"deployment-tool":"cli-firebase"},"sourceUploadUrl":"https://storage.googleapis.com/gcf-upload-us-central1-4d6b157e-0df3-4b4c-a408-b81280eef3e6/8b3e17db-5278-45a9-beac-a6712f70ac6f.zip?GoogleAccessId=service-149906309176@gcf-admin-robot.iam.gserviceaccount.com&Expires=1628580476&Signature=mJrP4wTX46zgQniUL8lqs1ElxO7dph4taqwjr2XNdYXmyg93Wx0bs35ZGMLG8lSNojhLucE9qXocHkN3hvy8VYzZdPmR3gzxSaVb6p2AJafVTME4H%2Bq8vbVPFBBZrZrT5mRv3c5GRqYgZPhuXzBcXXoPp%2BTgXrt%2FIXSytoLBumlDZ97RjWyb5vYewOzSrWxo9ptSjnQydtMxPu2Z8dm3%2F9IKSkEoXTvD10ssPsQArM%2F0ydBgoC%2BH8zGBk4GFGf0ZOxLsmezjv4ZZG6Q57R6eZw4VnSgiwSpU3psenWuY0lQT%2F63Bunt4xY6%2Bo9tcDI2RUHv9560YXhvZfpVqBFIuWA%3D%3D","environmentVariables":{"FIREBASE_CONFIG":"{\"projectId\":\"fantacalcio-3836a\",\"storageBucket\":\"fantacalcio-3836a.appspot.com\",\"locationId\":\"europe-west\"}"},"runtime":"nodejs14","ingressSettings":"ALLOW_ALL","buildId":"225b0133-a9fa-48ca-89c0-0e75e551a475"},"versionId":"3","updateTime":"2021-08-10T06:58:02Z","buildId":"052d2355-08d6-4a61-93dd-d20fad4210f8","buildName":"projects/149906309176/locations/europe-west1/builds/052d2355-08d6-4a61-93dd-d20fad4210f8"}}
[debug] [2021-08-10T06:58:34.848Z] [update-projects/fantacalcio-3836a/locations/europe-west1/functions/initTimer] Retrying task index 0
[debug] [2021-08-10T06:58:34.848Z] >>> [apiv2][query] GET https://cloudfunctions.googleapis.com/v1/operations/ZmFudGFjYWxjaW8tMzgzNmEvZXVyb3BlLXdlc3QxL2luaXRUaW1lci9pYnpYbzBJVnBZTQ [none]
[debug] [2021-08-10T06:58:34.961Z] <<< [apiv2][status] GET https://cloudfunctions.googleapis.com/v1/operations/ZmFudGFjYWxjaW8tMzgzNmEvZXVyb3BlLXdlc3QxL2luaXRUaW1lci9pYnpYbzBJVnBZTQ 200
[debug] [2021-08-10T06:58:34.962Z] <<< [apiv2][body] GET https://cloudfunctions.googleapis.com/v1/operations/ZmFudGFjYWxjaW8tMzgzNmEvZXVyb3BlLXdlc3QxL2luaXRUaW1lci9pYnpYbzBJVnBZTQ {"name":"operations/ZmFudGFjYWxjaW8tMzgzNmEvZXVyb3BlLXdlc3QxL2luaXRUaW1lci9pYnpYbzBJVnBZTQ","metadata":{"@type":"type.googleapis.com/google.cloud.functions.v1.OperationMetadataV1","target":"projects/fantacalcio-3836a/locations/europe-west1/functions/initTimer","type":"UPDATE_FUNCTION","request":{"@type":"type.googleapis.com/google.cloud.functions.v1.CloudFunction","name":"projects/fantacalcio-3836a/locations/europe-west1/functions/initTimer","eventTrigger":{"eventType":"providers/cloud.firestore/eventTypes/document.update","resource":"projects/fantacalcio-3836a/databases/(default)/documents/liveAuction/IhkbDrILbzkpCaRBGMyq","service":"firestore.googleapis.com"},"status":"ACTIVE","entryPoint":"initTimer","timeout":"60s","availableMemoryMb":256,"serviceAccountEmail":"fantacalcio-3836a@appspot.gserviceaccount.com","updateTime":"2021-08-09T07:43:28.854Z","versionId":"2","labels":{"deployment-tool":"cli-firebase"},"sourceUploadUrl":"https://storage.googleapis.com/gcf-upload-us-central1-4d6b157e-0df3-4b4c-a408-b81280eef3e6/8b3e17db-5278-45a9-beac-a6712f70ac6f.zip?GoogleAccessId=service-149906309176@gcf-admin-robot.iam.gserviceaccount.com&Expires=1628580476&Signature=mJrP4wTX46zgQniUL8lqs1ElxO7dph4taqwjr2XNdYXmyg93Wx0bs35ZGMLG8lSNojhLucE9qXocHkN3hvy8VYzZdPmR3gzxSaVb6p2AJafVTME4H%2Bq8vbVPFBBZrZrT5mRv3c5GRqYgZPhuXzBcXXoPp%2BTgXrt%2FIXSytoLBumlDZ97RjWyb5vYewOzSrWxo9ptSjnQydtMxPu2Z8dm3%2F9IKSkEoXTvD10ssPsQArM%2F0ydBgoC%2BH8zGBk4GFGf0ZOxLsmezjv4ZZG6Q57R6eZw4VnSgiwSpU3psenWuY0lQT%2F63Bunt4xY6%2Bo9tcDI2RUHv9560YXhvZfpVqBFIuWA%3D%3D","environmentVariables":{"FIREBASE_CONFIG":"{\"projectId\":\"fantacalcio-3836a\",\"storageBucket\":\"fantacalcio-3836a.appspot.com\",\"locationId\":\"europe-west\"}"},"runtime":"nodejs14","ingressSettings":"ALLOW_ALL","buildId":"225b0133-a9fa-48ca-89c0-0e75e551a475"},"versionId":"3","updateTime":"2021-08-10T06:58:02Z","buildId":"052d2355-08d6-4a61-93dd-d20fad4210f8","buildName":"projects/149906309176/locations/europe-west1/builds/052d2355-08d6-4a61-93dd-d20fad4210f8"}}
[debug] [2021-08-10T06:59:06.965Z] [update-projects/fantacalcio-3836a/locations/europe-west1/functions/initTimer] Retrying task index 0
[debug] [2021-08-10T06:59:06.966Z] >>> [apiv2][query] GET https://cloudfunctions.googleapis.com/v1/operations/ZmFudGFjYWxjaW8tMzgzNmEvZXVyb3BlLXdlc3QxL2luaXRUaW1lci9pYnpYbzBJVnBZTQ [none]
[debug] [2021-08-10T06:59:07.124Z] <<< [apiv2][status] GET https://cloudfunctions.googleapis.com/v1/operations/ZmFudGFjYWxjaW8tMzgzNmEvZXVyb3BlLXdlc3QxL2luaXRUaW1lci9pYnpYbzBJVnBZTQ 200
[debug] [2021-08-10T06:59:07.124Z] <<< [apiv2][body] GET https://cloudfunctions.googleapis.com/v1/operations/ZmFudGFjYWxjaW8tMzgzNmEvZXVyb3BlLXdlc3QxL2luaXRUaW1lci9pYnpYbzBJVnBZTQ {"name":"operations/ZmFudGFjYWxjaW8tMzgzNmEvZXVyb3BlLXdlc3QxL2luaXRUaW1lci9pYnpYbzBJVnBZTQ","metadata":{"@type":"type.googleapis.com/google.cloud.functions.v1.OperationMetadataV1","target":"projects/fantacalcio-3836a/locations/europe-west1/functions/initTimer","type":"UPDATE_FUNCTION","request":{"@type":"type.googleapis.com/google.cloud.functions.v1.CloudFunction","name":"projects/fantacalcio-3836a/locations/europe-west1/functions/initTimer","eventTrigger":{"eventType":"providers/cloud.firestore/eventTypes/document.update","resource":"projects/fantacalcio-3836a/databases/(default)/documents/liveAuction/IhkbDrILbzkpCaRBGMyq","service":"firestore.googleapis.com"},"status":"ACTIVE","entryPoint":"initTimer","timeout":"60s","availableMemoryMb":256,"serviceAccountEmail":"fantacalcio-3836a@appspot.gserviceaccount.com","updateTime":"2021-08-09T07:43:28.854Z","versionId":"2","labels":{"deployment-tool":"cli-firebase"},"sourceUploadUrl":"https://storage.googleapis.com/gcf-upload-us-central1-4d6b157e-0df3-4b4c-a408-b81280eef3e6/8b3e17db-5278-45a9-beac-a6712f70ac6f.zip?GoogleAccessId=service-149906309176@gcf-admin-robot.iam.gserviceaccount.com&Expires=1628580476&Signature=mJrP4wTX46zgQniUL8lqs1ElxO7dph4taqwjr2XNdYXmyg93Wx0bs35ZGMLG8lSNojhLucE9qXocHkN3hvy8VYzZdPmR3gzxSaVb6p2AJafVTME4H%2Bq8vbVPFBBZrZrT5mRv3c5GRqYgZPhuXzBcXXoPp%2BTgXrt%2FIXSytoLBumlDZ97RjWyb5vYewOzSrWxo9ptSjnQydtMxPu2Z8dm3%2F9IKSkEoXTvD10ssPsQArM%2F0ydBgoC%2BH8zGBk4GFGf0ZOxLsmezjv4ZZG6Q57R6eZw4VnSgiwSpU3psenWuY0lQT%2F63Bunt4xY6%2Bo9tcDI2RUHv9560YXhvZfpVqBFIuWA%3D%3D","environmentVariables":{"FIREBASE_CONFIG":"{\"projectId\":\"fantacalcio-3836a\",\"storageBucket\":\"fantacalcio-3836a.appspot.com\",\"locationId\":\"europe-west\"}"},"runtime":"nodejs14","ingressSettings":"ALLOW_ALL","buildId":"225b0133-a9fa-48ca-89c0-0e75e551a475"},"versionId":"3","updateTime":"2021-08-10T06:58:02Z","buildId":"052d2355-08d6-4a61-93dd-d20fad4210f8","buildName":"projects/149906309176/locations/europe-west1/builds/052d2355-08d6-4a61-93dd-d20fad4210f8"}}
